         ps                              clock      instruction           pcout        s_regDout        s_regSout        s_regAout  sel  sel             outM  writeM              inM             
     505000                                  1 0000000000000001 000000000000001 0000000000000000 0000000000000000 0000000000000001    0    0 0000000000000000       0 0000000000000000 
     515000                                  1 1111100000010000 000000000000010 0000000000000000 0000000000000000 0000000000000001    1    1 0000000000000101       0 0000000000000101 
     525000                                  1 0000000000000010 000000000000011 0000000000000101 0000000000000000 0000000000000001    0    0 0000000000000000       0 0000000000000101 
     535000                                  1 1111100000100000 000000000000100 0000000000000101 0000000000000000 0000000000000010    1    1 0000000000000101       0 0000000000000101 
     545000                                  1 1101010100000000 000000000000101 0000000000000101 0000000000000010 0000000000000010    0    1 0000000000000000       0 0000000000000010 
     555000                                  1 1100011100010000 000000000000110 0000000000000101 0000000000000010 0000000000000010    0    1 0000000000000100       0 0000000000000010 
     565000                                  1 1000011100100000 000000000000111 0000000000000100 0000000000000010 0000000000000010    0    0 0000000000000001       0 0000000000000010 
     575000                                  1 0000000000010101 000000000001000 0000000000000100 0000000000000001 0000000000000010    0    0 0000000000000000       0 0000000000000010 
     585000                                  1 1100011000000010 000000000001001 0000000000000100 0000000000000001 0000000000010101    0    1 0000000000000100       0 0000000000000010 
     595000                                  1 1101010100000000 000000000001010 0000000000000100 0000000000000001 0000000000010101    0    1 0000000000000000       0 0000000000000000 
     605000                                  1 0000000000010000 000000000001011 0000000000000100 0000000000000001 0000000000010101    0    0 0000000000000001       0 0000000000000000 
     615000                                  1 1000011000000010 000000000001100 0000000000000100 0000000000000001 0000000000010000    0    0 0000000000000001       0 0000000000000000 
     625000                                  1 1101010100000000 000000000001101 0000000000000100 0000000000000001 0000000000010000    0    1 0000000000000000       0 0000000000000000 
     635000                                  1 0000000000000101 000000000001110 0000000000000100 0000000000000001 0000000000010000    0    0 0000000000000000       0 0000000000000000 
     645000                                  1 1000011000000101 000000000001111 0000000000000100 0000000000000001 0000000000000101    0    0 0000000000000001       0 0000000000000000 
     655000                                  1 1101010100000000 000000000000101 0000000000000100 0000000000000001 0000000000000101    0    1 0000000000000000       0 0000000000000000 
     665000                                  1 1100011100010000 000000000000110 0000000000000100 0000000000000001 0000000000000101    0    1 0000000000000011       0 0000000000000000 
     675000                                  1 1000011100100000 000000000000111 0000000000000011 0000000000000001 0000000000000101    0    0 0000000000000000       0 0000000000000000 
     685000                                  1 0000000000010101 000000000001000 0000000000000011 0000000000000000 0000000000000101    0    0 0000000000000000       0 0000000000000000 
     695000                                  1 1100011000000010 000000000001001 0000000000000011 0000000000000000 0000000000010101    0    1 0000000000000011       0 0000000000000000 
     705000                                  1 1101010100000000 000000000001010 0000000000000011 0000000000000000 0000000000010101    0    1 0000000000000000       0 0000000000000000 
     715000                                  1 0000000000010000 000000000001011 0000000000000011 0000000000000000 0000000000010101    0    0 0000000000000000       0 0000000000000000 
     725000                                  1 1000011000000010 000000000001100 0000000000000011 0000000000000000 0000000000010000    0    0 0000000000000000       0 0000000000000000 
     735000                                  1 1101010100000000 000000000010000 0000000000000011 0000000000000000 0000000000010000    0    1 0000000000000000       0 0000000000000000 
     745000                                  1 0000000000000010 000000000010001 0000000000000011 0000000000000000 0000000000010000    0    0 0000000000000000       0 0000000000000000 
     755000                                  1 1111100000100000 000000000010010 0000000000000011 0000000000000000 0000000000000010    1    1 0000000000000000       0 0000000000000000 
     765000                                  1 0000000000000101 000000000010011 0000000000000011 0000000000000010 0000000000000010    0    0 0000000000000010       0 0000000000000010 
     775000                                  1 1100011000000111 000000000010100 0000000000000011 0000000000000010 0000000000000101    0    1 0000000000000011       0 0000000000000010 
     785000                                  1 1101010100000000 000000000000101 0000000000000011 0000000000000010 0000000000000101    0    1 0000000000000000       0 0000000000000000 
     795000                                  1 1100011100010000 000000000000110 0000000000000011 0000000000000010 0000000000000101    0    1 0000000000000010       0 0000000000000000 
     805000                                  1 1000011100100000 000000000000111 0000000000000010 0000000000000010 0000000000000101    0    0 0000000000000001       0 0000000000000000 
     815000                                  1 0000000000010101 000000000001000 0000000000000010 0000000000000001 0000000000000101    0    0 0000000000000001       0 0000000000000000 
     825000                                  1 1100011000000010 000000000001001 0000000000000010 0000000000000001 0000000000010101    0    1 0000000000000010       0 0000000000000000 
     835000                                  1 1101010100000000 000000000001010 0000000000000010 0000000000000001 0000000000010101    0    1 0000000000000000       0 0000000000000000 
     845000                                  1 0000000000010000 000000000001011 0000000000000010 0000000000000001 0000000000010101    0    0 0000000000000001       0 0000000000000000 
     855000                                  1 1000011000000010 000000000001100 0000000000000010 0000000000000001 0000000000010000    0    0 0000000000000001       0 0000000000000000 
     865000                                  1 1101010100000000 000000000001101 0000000000000010 0000000000000001 0000000000010000    0    1 0000000000000000       0 0000000000000000 
     875000                                  1 0000000000000101 000000000001110 0000000000000010 0000000000000001 0000000000010000    0    0 0000000000000000       0 0000000000000000 
     885000                                  1 1000011000000101 000000000001111 0000000000000010 0000000000000001 0000000000000101    0    0 0000000000000001       0 0000000000000000 
     895000                                  1 1101010100000000 000000000000101 0000000000000010 0000000000000001 0000000000000101    0    1 0000000000000000       0 0000000000000000 
     905000                                  1 1100011100010000 000000000000110 0000000000000010 0000000000000001 0000000000000101    0    1 0000000000000001       0 0000000000000000 
     915000                                  1 1000011100100000 000000000000111 0000000000000001 0000000000000001 0000000000000101    0    0 0000000000000000       0 0000000000000000 
     925000                                  1 0000000000010101 000000000001000 0000000000000001 0000000000000000 0000000000000101    0    0 0000000000000000       0 0000000000000000 
     935000                                  1 1100011000000010 000000000001001 0000000000000001 0000000000000000 0000000000010101    0    1 0000000000000001       0 0000000000000000 
     945000                                  1 1101010100000000 000000000001010 0000000000000001 0000000000000000 0000000000010101    0    1 0000000000000000       0 0000000000000000 
     955000                                  1 0000000000010000 000000000001011 0000000000000001 0000000000000000 0000000000010101    0    0 0000000000000000       0 0000000000000000 
     965000                                  1 1000011000000010 000000000001100 0000000000000001 0000000000000000 0000000000010000    0    0 0000000000000000       0 0000000000000000 
     975000                                  1 1101010100000000 000000000010000 0000000000000001 0000000000000000 0000000000010000    0    1 0000000000000000       0 0000000000000000 
     985000                                  1 0000000000000010 000000000010001 0000000000000001 0000000000000000 0000000000010000    0    0 0000000000000000       0 0000000000000000 
     995000                                  1 1111100000100000 000000000010010 0000000000000001 0000000000000000 0000000000000010    1    1 0000000000000000       0 0000000000000000 
    1005000                                  1 0000000000000101 000000000010011 0000000000000001 0000000000000010 0000000000000010    0    0 0000000000000010       0 0000000000000010 
    1015000                                  1 1100011000000111 000000000010100 0000000000000001 0000000000000010 0000000000000101    0    1 0000000000000001       0 0000000000000010 
    1025000                                  1 1101010100000000 000000000000101 0000000000000001 0000000000000010 0000000000000101    0    1 0000000000000000       0 0000000000000000 
    1035000                                  1 1100011100010000 000000000000110 0000000000000001 0000000000000010 0000000000000101    0    1 0000000000000000       0 0000000000000000 
    1045000                                  1 1000011100100000 000000000000111 0000000000000000 0000000000000010 0000000000000101    0    0 0000000000000001       0 0000000000000000 
    1055000                                  1 0000000000010101 000000000001000 0000000000000000 0000000000000001 0000000000000101    0    0 0000000000000001       0 0000000000000000 
    1065000                                  1 1100011000000010 000000000001001 0000000000000000 0000000000000001 0000000000010101    0    1 0000000000000000       0 0000000000000000 
    1075000                                  1 1101010100000000 000000000010101 0000000000000000 0000000000000001 0000000000010101    0    1 0000000000000000       0 0000000000000000 
    1085000                                  1 0000000000011011 000000000010110 0000000000000000 0000000000000001 0000000000010101    0    0 0000000000000001       0 0000000000000000 
    1095000                                  1 1000011000000101 000000000010111 0000000000000000 0000000000000001 0000000000011011    0    0 0000000000000001       0 0000000000000000 
    1105000                                  1 1101010100000000 000000000011011 0000000000000000 0000000000000001 0000000000011011    0    1 0000000000000000       0 0000000000000000 
    1115000                                  1 0000000000000010 000000000011100 0000000000000000 0000000000000001 0000000000011011    0    0 0000000000000001       0 0000000000000000 
    1125000                                  1 1010001110010000 000000000011101 0000000000000000 0000000000000001 0000000000000010    1    0 1111111111111111       0 0000000000000000 
    1135000                                  1 0000000000000000 000000000011110 0000000000000001 0000000000000001 0000000000000010    0    0 0000000000000000       0 0000000000000010 
    1145000                                  1 1100011000001000 000000000011111 0000000000000001 0000000000000001 0000000000000000    0    1 0000000000000001       1 0000000000000010 
    1155000                                  1 0000000000000000 000000000100000 0000000000000001 0000000000000001 0000000000000000    0    0 0000000000000000       0 0000000000000001 
    1165000                                  1 1101010100001000 000000000100001 0000000000000001 0000000000000001 0000000000000000    0    1 0000000000000000       1 0000000000000001 
    1175000                                  1 0000000000000000 000000000100010 0000000000000001 0000000000000001 0000000000000000    0    0 0000000000000000       0 0000000000000000 
    1185000                                  1 0000000000000000 000000000100011 0000000000000001 0000000000000001 0000000000000000    0    0 0000000000000000       0 0000000000000000 
    1195000                                  1 0000000000000000 000000000100100 0000000000000001 0000000000000001 0000000000000000    0    0 0000000000000000       0 0000000000000000 
    1205000                                  1 0000000000000000 000000000100101 0000000000000001 0000000000000001 0000000000000000    0    0 0000000000000000       0 0000000000000000 
    1215000                                  1 0000000000000000 000000000100110 0000000000000001 0000000000000001 0000000000000000    0    0 0000000000000000       0 0000000000000000 
    1225000                                  1 0000000000000000 000000000100111 0000000000000001 0000000000000001 0000000000000000    0    0 0000000000000000       0 0000000000000000 
    1235000                                  1 0000000000000000 000000000101000 0000000000000001 0000000000000001 0000000000000000    0    0 0000000000000000       0 0000000000000000 
    1245000                                  1 0000000000000000 000000000101001 0000000000000001 0000000000000001 0000000000000000    0    0 0000000000000000       0 0000000000000000 
    1255000                                  1 0000000000000000 000000000101010 0000000000000001 0000000000000001 0000000000000000    0    0 0000000000000000       0 0000000000000000 
    1265000                                  1 0000000000000000 000000000101011 0000000000000001 0000000000000001 0000000000000000    0    0 0000000000000000       0 0000000000000000 
    1275000                                  1 0000000000000000 000000000101100 0000000000000001 0000000000000001 0000000000000000    0    0 0000000000000000       0 0000000000000000 
    1285000                                  1 0000000000000000 000000000101101 0000000000000001 0000000000000001 0000000000000000    0    0 0000000000000000       0 0000000000000000 
    1295000                                  1 0000000000000000 000000000101110 0000000000000001 0000000000000001 0000000000000000    0    0 0000000000000000       0 0000000000000000 
    1305000                                  1 0000000000000000 000000000101111 0000000000000001 0000000000000001 0000000000000000    0    0 0000000000000000       0 0000000000000000 
    1315000                                  1 0000000000000000 000000000110000 0000000000000001 0000000000000001 0000000000000000    0    0 0000000000000000       0 0000000000000000 
    1325000                                  1 0000000000000000 000000000110001 0000000000000001 0000000000000001 0000000000000000    0    0 0000000000000000       0 0000000000000000 
    1335000                                  1 0000000000000000 000000000110010 0000000000000001 0000000000000001 0000000000000000    0    0 0000000000000000       0 0000000000000000 
    1345000                                  1 0000000000000000 000000000110011 0000000000000001 0000000000000001 0000000000000000    0    0 0000000000000000       0 0000000000000000 
    1355000                                  1 0000000000000000 000000000110100 0000000000000001 0000000000000001 0000000000000000    0    0 0000000000000000       0 0000000000000000 
    1365000                                  1 0000000000000000 000000000110101 0000000000000001 0000000000000001 0000000000000000    0    0 0000000000000000       0 0000000000000000 
    1375000                                  1 0000000000000000 000000000110110 0000000000000001 0000000000000001 0000000000000000    0    0 0000000000000000       0 0000000000000000 
    1385000                                  1 0000000000000000 000000000110111 0000000000000001 0000000000000001 0000000000000000    0    0 0000000000000000       0 0000000000000000 
    1395000                                  1 0000000000000000 000000000111000 0000000000000001 0000000000000001 0000000000000000    0    0 0000000000000000       0 0000000000000000 
    1405000                                  1 0000000000000000 000000000111001 0000000000000001 0000000000000001 0000000000000000    0    0 0000000000000000       0 0000000000000000 
    1415000                                  1 0000000000000000 000000000111010 0000000000000001 0000000000000001 0000000000000000    0    0 0000000000000000       0 0000000000000000 
    1425000                                  1 0000000000000000 000000000111011 0000000000000001 0000000000000001 0000000000000000    0    0 0000000000000000       0 0000000000000000 
    1435000                                  1 0000000000000000 000000000111100 0000000000000001 0000000000000001 0000000000000000    0    0 0000000000000000       0 0000000000000000 
    1445000                                  1 0000000000000000 000000000111101 0000000000000001 0000000000000001 0000000000000000    0    0 0000000000000000       0 0000000000000000 
    1455000                                  1 0000000000000000 000000000111110 0000000000000001 0000000000000001 0000000000000000    0    0 0000000000000000       0 0000000000000000 
    1465000                                  1 0000000000000000 000000000111111 0000000000000001 0000000000000001 0000000000000000    0    0 0000000000000000       0 0000000000000000 
    1475000                                  1 0000000000000000 000000001000000 0000000000000001 0000000000000001 0000000000000000    0    0 0000000000000000       0 0000000000000000 
    1485000                                  1 0000000000000000 000000001000001 0000000000000001 0000000000000001 0000000000000000    0    0 0000000000000000       0 0000000000000000 
    1495000                                  1 0000000000000000 000000001000010 0000000000000001 0000000000000001 0000000000000000    0    0 0000000000000000       0 0000000000000000 
    1505000                                  1 0000000000000000 000000001000011 0000000000000001 0000000000000001 0000000000000000    0    0 0000000000000000       0 0000000000000000 
    1515000                                  1 0000000000000000 000000001000100 0000000000000001 0000000000000001 0000000000000000    0    0 0000000000000000       0 0000000000000000 
    1525000                                  1 0000000000000000 000000001000101 0000000000000001 0000000000000001 0000000000000000    0    0 0000000000000000       0 0000000000000000 
    1535000                                  1 0000000000000000 000000001000110 0000000000000001 0000000000000001 0000000000000000    0    0 0000000000000000       0 0000000000000000 
    1545000                                  1 0000000000000000 000000001000111 0000000000000001 0000000000000001 0000000000000000    0    0 0000000000000000       0 0000000000000000 
    1555000                                  1 0000000000000000 000000001001000 0000000000000001 0000000000000001 0000000000000000    0    0 0000000000000000       0 0000000000000000 
    1565000                                  1 0000000000000000 000000001001001 0000000000000001 0000000000000001 0000000000000000    0    0 0000000000000000       0 0000000000000000 
    1575000                                  1 0000000000000000 000000001001010 0000000000000001 0000000000000001 0000000000000000    0    0 0000000000000000       0 0000000000000000 
    1585000                                  1 0000000000000000 000000001001011 0000000000000001 0000000000000001 0000000000000000    0    0 0000000000000000       0 0000000000000000 
    1595000                                  1 0000000000000000 000000001001100 0000000000000001 0000000000000001 0000000000000000    0    0 0000000000000000       0 0000000000000000 
    1605000                                  1 0000000000000000 000000001001101 0000000000000001 0000000000000001 0000000000000000    0    0 0000000000000000       0 0000000000000000 
    1615000                                  1 0000000000000000 000000001001110 0000000000000001 0000000000000001 0000000000000000    0    0 0000000000000000       0 0000000000000000 
    1625000                                  1 0000000000000000 000000001001111 0000000000000001 0000000000000001 0000000000000000    0    0 0000000000000000       0 0000000000000000 
    1635000                                  1 0000000000000000 000000001010000 0000000000000001 0000000000000001 0000000000000000    0    0 0000000000000000       0 0000000000000000 
    1645000                                  1 0000000000000000 000000001010001 0000000000000001 0000000000000001 0000000000000000    0    0 0000000000000000       0 0000000000000000 
    1655000                                  1 0000000000000000 000000001010010 0000000000000001 0000000000000001 0000000000000000    0    0 0000000000000000       0 0000000000000000 
    1665000                                  1 0000000000000000 000000001010011 0000000000000001 0000000000000001 0000000000000000    0    0 0000000000000000       0 0000000000000000 
    1675000                                  1 0000000000000000 000000001010100 0000000000000001 0000000000000001 0000000000000000    0    0 0000000000000000       0 0000000000000000 
    1685000                                  1 0000000000000000 000000001010101 0000000000000001 0000000000000001 0000000000000000    0    0 0000000000000000       0 0000000000000000 
    1695000                                  1 0000000000000000 000000001010110 0000000000000001 0000000000000001 0000000000000000    0    0 0000000000000000       0 0000000000000000 
    1705000                                  1 0000000000000000 000000001010111 0000000000000001 0000000000000001 0000000000000000    0    0 0000000000000000       0 0000000000000000 
    1715000                                  1 0000000000000000 000000001011000 0000000000000001 0000000000000001 0000000000000000    0    0 0000000000000000       0 0000000000000000 
    1725000                                  1 0000000000000000 000000001011001 0000000000000001 0000000000000001 0000000000000000    0    0 0000000000000000       0 0000000000000000 
    1735000                                  1 0000000000000000 000000001011010 0000000000000001 0000000000000001 0000000000000000    0    0 0000000000000000       0 0000000000000000 
    1745000                                  1 0000000000000000 000000001011011 0000000000000001 0000000000000001 0000000000000000    0    0 0000000000000000       0 0000000000000000 
    1755000                                  1 0000000000000000 000000001011100 0000000000000001 0000000000000001 0000000000000000    0    0 0000000000000000       0 0000000000000000 
    1765000                                  1 0000000000000000 000000001011101 0000000000000001 0000000000000001 0000000000000000    0    0 0000000000000000       0 0000000000000000 
    1775000                                  1 0000000000000000 000000001011110 0000000000000001 0000000000000001 0000000000000000    0    0 0000000000000000       0 0000000000000000 
    1785000                                  1 0000000000000000 000000001011111 0000000000000001 0000000000000001 0000000000000000    0    0 0000000000000000       0 0000000000000000 
    1795000                                  1 0000000000000000 000000001100000 0000000000000001 0000000000000001 0000000000000000    0    0 0000000000000000       0 0000000000000000 
    1805000                                  1 0000000000000000 000000001100001 0000000000000001 0000000000000001 0000000000000000    0    0 0000000000000000       0 0000000000000000 
    1815000                                  1 0000000000000000 000000001100010 0000000000000001 0000000000000001 0000000000000000    0    0 0000000000000000       0 0000000000000000 
    1825000                                  1 0000000000000000 000000001100011 0000000000000001 0000000000000001 0000000000000000    0    0 0000000000000000       0 0000000000000000 
    1835000                                  1 0000000000000000 000000001100100 0000000000000001 0000000000000001 0000000000000000    0    0 0000000000000000       0 0000000000000000 
    1845000                                  1 0000000000000000 000000001100101 0000000000000001 0000000000000001 0000000000000000    0    0 0000000000000000       0 0000000000000000 
    1855000                                  1 0000000000000000 000000001100110 0000000000000001 0000000000000001 0000000000000000    0    0 0000000000000000       0 0000000000000000 
    1865000                                  1 0000000000000000 000000001100111 0000000000000001 0000000000000001 0000000000000000    0    0 0000000000000000       0 0000000000000000 
    1875000                                  1 0000000000000000 000000001101000 0000000000000001 0000000000000001 0000000000000000    0    0 0000000000000000       0 0000000000000000 
    1885000                                  1 0000000000000000 000000001101001 0000000000000001 0000000000000001 0000000000000000    0    0 0000000000000000       0 0000000000000000 
    1895000                                  1 0000000000000000 000000001101010 0000000000000001 0000000000000001 0000000000000000    0    0 0000000000000000       0 0000000000000000 
    1905000                                  1 0000000000000000 000000001101011 0000000000000001 0000000000000001 0000000000000000    0    0 0000000000000000       0 0000000000000000 
    1915000                                  1 0000000000000000 000000001101100 0000000000000001 0000000000000001 0000000000000000    0    0 0000000000000000       0 0000000000000000 
    1925000                                  1 0000000000000000 000000001101101 0000000000000001 0000000000000001 0000000000000000    0    0 0000000000000000       0 0000000000000000 
    1935000                                  1 0000000000000000 000000001101110 0000000000000001 0000000000000001 0000000000000000    0    0 0000000000000000       0 0000000000000000 
    1945000                                  1 0000000000000000 000000001101111 0000000000000001 0000000000000001 0000000000000000    0    0 0000000000000000       0 0000000000000000 
    1955000                                  1 0000000000000000 000000001110000 0000000000000001 0000000000000001 0000000000000000    0    0 0000000000000000       0 0000000000000000 
    1965000                                  1 0000000000000000 000000001110001 0000000000000001 0000000000000001 0000000000000000    0    0 0000000000000000       0 0000000000000000 
    1975000                                  1 0000000000000000 000000001110010 0000000000000001 0000000000000001 0000000000000000    0    0 0000000000000000       0 0000000000000000 
    1985000                                  1 0000000000000000 000000001110011 0000000000000001 0000000000000001 0000000000000000    0    0 0000000000000000       0 0000000000000000 
    1995000                                  1 0000000000000000 000000001110100 0000000000000001 0000000000000001 0000000000000000    0    0 0000000000000000       0 0000000000000000 
    2005000                                  1 0000000000000000 000000001110101 0000000000000001 0000000000000001 0000000000000000    0    0 0000000000000000       0 0000000000000000 
