Assembler report for DE0_CV_Default
Wed May 23 17:04:39 2018
Quartus Prime Version 17.1.0 Build 590 10/25/2017 SJ Lite Edition


---------------------
; Table of Contents ;
---------------------
  1. Legal Notice
  2. Assembler Summary
  3. Assembler Settings
  4. Assembler Encrypted IP Cores Summary
  5. Assembler Generated Files
  6. Assembler Device Options: C:/Users/duda/Documents/Insper/3-semestre/elementos/projeto/Z01/Projetos/G-Computador/Quartus/DE0_CV_Default.sof
  7. Assembler Device Options: C:/Users/duda/Documents/Insper/3-semestre/elementos/projeto/Z01/Projetos/G-Computador/Quartus/DE0_CV_Default.pof
  8. Assembler Messages



----------------
; Legal Notice ;
----------------
Copyright (C) 2017  Intel Corporation. All rights reserved.
Your use of Intel Corporation's design tools, logic functions 
and other software and tools, and its AMPP partner logic 
functions, and any output files from any of the foregoing 
(including device programming or simulation files), and any 
associated documentation or information are expressly subject 
to the terms and conditions of the Intel Program License 
Subscription Agreement, the Intel Quartus Prime License Agreement,
the Intel FPGA IP License Agreement, or other applicable license
agreement, including, without limitation, that your use is for
the sole purpose of programming logic devices manufactured by
Intel and sold by Intel or its authorized distributors.  Please
refer to the applicable agreement for further details.



+---------------------------------------------------------------+
; Assembler Summary                                             ;
+-----------------------+---------------------------------------+
; Assembler Status      ; Successful - Wed May 23 17:04:39 2018 ;
; Revision Name         ; DE0_CV_Default                        ;
; Top-level Entity Name ; Computador                            ;
; Family                ; Cyclone V                             ;
; Device                ; 5CEBA4F23C7                           ;
+-----------------------+---------------------------------------+


+----------------------------------+
; Assembler Settings               ;
+--------+---------+---------------+
; Option ; Setting ; Default Value ;
+--------+---------+---------------+


+------------------------------------------------+
; Assembler Encrypted IP Cores Summary           ;
+--------+------------------------+--------------+
; Vendor ; IP Core Name           ; License Type ;
+--------+------------------------+--------------+
; Altera ; Signal Tap (6AF7 BCE1) ; Licensed     ;
; Altera ; Signal Tap (6AF7 BCEC) ; Licensed     ;
+--------+------------------------+--------------+


+------------------------------------------------------------------------------------------------------------------+
; Assembler Generated Files                                                                                        ;
+------------------------------------------------------------------------------------------------------------------+
; File Name                                                                                                        ;
+------------------------------------------------------------------------------------------------------------------+
; C:/Users/duda/Documents/Insper/3-semestre/elementos/projeto/Z01/Projetos/G-Computador/Quartus/DE0_CV_Default.sof ;
; C:/Users/duda/Documents/Insper/3-semestre/elementos/projeto/Z01/Projetos/G-Computador/Quartus/DE0_CV_Default.pof ;
+------------------------------------------------------------------------------------------------------------------+


+--------------------------------------------------------------------------------------------------------------------------------------------+
; Assembler Device Options: C:/Users/duda/Documents/Insper/3-semestre/elementos/projeto/Z01/Projetos/G-Computador/Quartus/DE0_CV_Default.sof ;
+----------------+---------------------------------------------------------------------------------------------------------------------------+
; Option         ; Setting                                                                                                                   ;
+----------------+---------------------------------------------------------------------------------------------------------------------------+
; JTAG usercode  ; 0x01FB4CAD                                                                                                                ;
; Checksum       ; 0x01FB4CAD                                                                                                                ;
+----------------+---------------------------------------------------------------------------------------------------------------------------+


+--------------------------------------------------------------------------------------------------------------------------------------------+
; Assembler Device Options: C:/Users/duda/Documents/Insper/3-semestre/elementos/projeto/Z01/Projetos/G-Computador/Quartus/DE0_CV_Default.pof ;
+--------------------+-----------------------------------------------------------------------------------------------------------------------+
; Option             ; Setting                                                                                                               ;
+--------------------+-----------------------------------------------------------------------------------------------------------------------+
; JTAG usercode      ; 0x00000000                                                                                                            ;
; Checksum           ; 0x7321D601                                                                                                            ;
; Compression Ratio  ; 2                                                                                                                     ;
+--------------------+-----------------------------------------------------------------------------------------------------------------------+


+--------------------+
; Assembler Messages ;
+--------------------+
Info: *******************************************************************
Info: Running Quartus Prime Assembler
    Info: Version 17.1.0 Build 590 10/25/2017 SJ Lite Edition
    Info: Processing started: Wed May 23 17:04:30 2018
Info: Command: quartus_asm --read_settings_files=off --write_settings_files=off DE0_CV_Default -c DE0_CV_Default
Warning (18236): Number of processors has not been specified which may cause overloading on shared machines.  Set the global assignment NUM_PARALLEL_PROCESSORS in your QSF to an appropriate value for best performance.
Info (115030): Assembler is generating device programming files
Info: Quartus Prime Assembler was successful. 0 errors, 1 warning
    Info: Peak virtual memory: 728 megabytes
    Info: Processing ended: Wed May 23 17:04:39 2018
    Info: Elapsed time: 00:00:09
    Info: Total CPU time (on all processors): 00:00:08


