         ps                              clock      instruction           pcout        s_regDout        s_regSout        s_regAout  s_muxALUI_A  s_muxSD_ALU             outM  writeM              inM             
     501000                                  1 0000000000000001 000000000000001 0000000000000000 0000000000000000 0000000000000000            1            0 0000000000000000       0 0000000000000000 
     601000                                  1 0000000000000001 000000000000010 0000000000000000 0000000000000000 0000000000000001            1            0 0000000000000000       0 0000000000000010 
     701000                                  1 0000000000000001 000000000000011 0000000000000000 0000000000000000 0000000000000001            1            0 0000000000000000       0 0000000001000010 
     801000                                  1 0000000000000001 000000000000100 0000000000000000 0000000000000000 0000000000000001            1            0 0000000000000000       0 0000000001000010 
     901000                                  1 0000000000000001 000000000000101 0000000000000000 0000000000000000 0000000000000001            1            0 0000000000000000       0 0000000001000010 
    1001000                                  1 0000000000000001 000000000000110 0000000000000000 0000000000000000 0000000000000001            1            0 0000000000000000       0 0000000001000010 
    1101000                                  1 0000000000000001 000000000000111 0000000000000000 0000000000000000 0000000000000001            1            0 0000000000000000       0 0000000001000010 
    1201000                                  1 0000000000000001 000000000001000 0000000000000000 0000000000000000 0000000000000001            1            0 0000000000000000       0 0000000001000010 
    1301000                                  1 0000000000000001 000000000001001 0000000000000000 0000000000000000 0000000000000001            1            0 0000000000000000       0 0000000001000010 
    1401000                                  1 0000000000000001 000000000001010 0000000000000000 0000000000000000 0000000000000001            1            0 0000000000000000       0 0000000001000010 
    1501000                                  1 0000000000000001 000000000001011 0000000000000000 0000000000000000 0000000000000001            1            0 0000000000000000       0 0000000001000010 
    1601000                                  1 0000000000000001 000000000001100 0000000000000000 0000000000000000 0000000000000001            1            0 0000000000000000       0 0000000001000010 
    1701000                                  1 0000000000000001 000000000001101 0000000000000000 0000000000000000 0000000000000001            1            0 0000000000000000       0 0000000001000010 
    1801000                                  1 0000000000000001 000000000001110 0000000000000000 0000000000000000 0000000000000001            1            0 0000000000000000       0 0000000001000010 
    1901000                                  1 0000000000000001 000000000001111 0000000000000000 0000000000000000 0000000000000001            1            0 0000000000000000       0 0000000001000010 
    2001000                                  1 0000000000000001 000000000010000 0000000000000000 0000000000000000 0000000000000001            1            0 0000000000000000       0 0000000001000010 
    2101000                                  1 0000000000000001 000000000010001 0000000000000000 0000000000000000 0000000000000001            1            0 0000000000000000       0 0000000001000010 
    2201000                                  1 0000000000000001 000000000010010 0000000000000000 0000000000000000 0000000000000001            1            0 0000000000000000       0 0000000001000010 
    2301000                                  1 0000000000000001 000000000010011 0000000000000000 0000000000000000 0000000000000001            1            0 0000000000000000       0 0000000001000010 
    2401000                                  1 0000000000000001 000000000010100 0000000000000000 0000000000000000 0000000000000001            1            0 0000000000000000       0 0000000001000010 
    2501000                                  1 0000000000000001 000000000010101 0000000000000000 0000000000000000 0000000000000001            1            0 0000000000000000       0 0000000001000010 
    2601000                                  1 0000000000000001 000000000010110 0000000000000000 0000000000000000 0000000000000001            1            0 0000000000000000       0 0000000001000010 
    2701000                                  1 0000000000000001 000000000010111 0000000000000000 0000000000000000 0000000000000001            1            0 0000000000000000       0 0000000001000010 
    2801000                                  1 0000000000000001 000000000011000 0000000000000000 0000000000000000 0000000000000001            1            0 0000000000000000       0 0000000001000010 
    2901000                                  1 0000000000000001 000000000011001 0000000000000000 0000000000000000 0000000000000001            1            0 0000000000000000       0 0000000001000010 
    3001000                                  1 0000000000000001 000000000011010 0000000000000000 0000000000000000 0000000000000001            1            0 0000000000000000       0 0000000001000010 
    3101000                                  1 0000000000000001 000000000011011 0000000000000000 0000000000000000 0000000000000001            1            0 0000000000000000       0 0000000001000010 
    3201000                                  1 0000000000000001 000000000011100 0000000000000000 0000000000000000 0000000000000001            1            0 0000000000000000       0 0000000001000010 
    3301000                                  1 0000000000000001 000000000011101 0000000000000000 0000000000000000 0000000000000001            1            0 0000000000000000       0 0000000001000010 
    3401000                                  1 0000000000000001 000000000011110 0000000000000000 0000000000000000 0000000000000001            1            0 0000000000000000       0 0000000001000010 
    3501000                                  1 0000000000000001 000000000011111 0000000000000000 0000000000000000 0000000000000001            1            0 0000000000000000       0 0000000001000010 
    3601000                                  1 0000000000000001 000000000100000 0000000000000000 0000000000000000 0000000000000001            1            0 0000000000000000       0 0000000001000010 
    3701000                                  1 0000000000000001 000000000100001 0000000000000000 0000000000000000 0000000000000001            1            0 0000000000000000       0 0000000001000010 
    3801000                                  1 0000000000000001 000000000100010 0000000000000000 0000000000000000 0000000000000001            1            0 0000000000000000       0 0000000001000010 
    3901000                                  1 0000000000000001 000000000100011 0000000000000000 0000000000000000 0000000000000001            1            0 0000000000000000       0 0000000001000010 
    4001000                                  1 0000000000000001 000000000100100 0000000000000000 0000000000000000 0000000000000001            1            0 0000000000000000       0 0000000001000010 
    4101000                                  1 0000000000000001 000000000100101 0000000000000000 0000000000000000 0000000000000001            1            0 0000000000000000       0 0000000001000010 
    4201000                                  1 0000000000000001 000000000100110 0000000000000000 0000000000000000 0000000000000001            1            0 0000000000000000       0 0000000001000010 
    4301000                                  1 0000000000000001 000000000100111 0000000000000000 0000000000000000 0000000000000001            1            0 0000000000000000       0 0000000001000010 
    4401000                                  1 0000000000000001 000000000101000 0000000000000000 0000000000000000 0000000000000001            1            0 0000000000000000       0 0000000001000010 
    4501000                                  1 0000000000000001 000000000101001 0000000000000000 0000000000000000 0000000000000001            1            0 0000000000000000       0 0000000001000010 
    4601000                                  1 0000000000000001 000000000101010 0000000000000000 0000000000000000 0000000000000001            1            0 0000000000000000       0 0000000001000010 
    4701000                                  1 0000000000000001 000000000101011 0000000000000000 0000000000000000 0000000000000001            1            0 0000000000000000       0 0000000001000010 
    4801000                                  1 0000000000000001 000000000101100 0000000000000000 0000000000000000 0000000000000001            1            0 0000000000000000       0 0000000001000010 
    4901000                                  1 0000000000000001 000000000101101 0000000000000000 0000000000000000 0000000000000001            1            0 0000000000000000       0 0000000001000010 
    5001000                                  1 0000000000000001 000000000101110 0000000000000000 0000000000000000 0000000000000001            1            0 0000000000000000       0 0000000001000010 
    5101000                                  1 0000000000000001 000000000101111 0000000000000000 0000000000000000 0000000000000001            1            0 0000000000000000       0 0000000001000010 
    5201000                                  1 0000000000000001 000000000110000 0000000000000000 0000000000000000 0000000000000001            1            0 0000000000000000       0 0000000001000010 
    5301000                                  1 0000000000000001 000000000110001 0000000000000000 0000000000000000 0000000000000001            1            0 0000000000000000       0 0000000001000010 
    5401000                                  1 0000000000000001 000000000110010 0000000000000000 0000000000000000 0000000000000001            1            0 0000000000000000       0 0000000001000010 
    5501000                                  1 0000000000000001 000000000110011 0000000000000000 0000000000000000 0000000000000001            1            0 0000000000000000       0 0000000001000010 
    5601000                                  1 0000000000000001 000000000110100 0000000000000000 0000000000000000 0000000000000001            1            0 0000000000000000       0 0000000001000010 
    5701000                                  1 0000000000000001 000000000110101 0000000000000000 0000000000000000 0000000000000001            1            0 0000000000000000       0 0000000001000010 
    5801000                                  1 0000000000000001 000000000110110 0000000000000000 0000000000000000 0000000000000001            1            0 0000000000000000       0 0000000001000010 
    5901000                                  1 0000000000000001 000000000110111 0000000000000000 0000000000000000 0000000000000001            1            0 0000000000000000       0 0000000001000010 
    6001000                                  1 0000000000000001 000000000111000 0000000000000000 0000000000000000 0000000000000001            1            0 0000000000000000       0 0000000001000010 
    6101000                                  1 0000000000000001 000000000111001 0000000000000000 0000000000000000 0000000000000001            1            0 0000000000000000       0 0000000001000010 
    6201000                                  1 0000000000000001 000000000111010 0000000000000000 0000000000000000 0000000000000001            1            0 0000000000000000       0 0000000001000010 
    6301000                                  1 0000000000000001 000000000111011 0000000000000000 0000000000000000 0000000000000001            1            0 0000000000000000       0 0000000001000010 
    6401000                                  1 0000000000000001 000000000111100 0000000000000000 0000000000000000 0000000000000001            1            0 0000000000000000       0 0000000001000010 
    6501000                                  1 0000000000000001 000000000111101 0000000000000000 0000000000000000 0000000000000001            1            0 0000000000000000       0 0000000001000010 
    6601000                                  1 0000000000000001 000000000111110 0000000000000000 0000000000000000 0000000000000001            1            0 0000000000000000       0 0000000001000010 
    6701000                                  1 0000000000000001 000000000111111 0000000000000000 0000000000000000 0000000000000001            1            0 0000000000000000       0 0000000001000010 
    6801000                                  1 0000000000000001 000000001000000 0000000000000000 0000000000000000 0000000000000001            1            0 0000000000000000       0 0000000001000010 
    6901000                                  1 0000000000000001 000000001000001 0000000000000000 0000000000000000 0000000000000001            1            0 0000000000000000       0 0000000001000010 
    7001000                                  1 0000000000000001 000000001000010 0000000000000000 0000000000000000 0000000000000001            1            0 0000000000000000       0 0000000001000010 
    7101000                                  1 0000000000000001 000000001000011 0000000000000000 0000000000000000 0000000000000001            1            0 0000000000000000       0 0000000001000010 
    7201000                                  1 0000000000000001 000000001000100 0000000000000000 0000000000000000 0000000000000001            1            0 0000000000000000       0 0000000001000010 
    7301000                                  1 0000000000000001 000000001000101 0000000000000000 0000000000000000 0000000000000001            1            0 0000000000000000       0 0000000001000010 
    7401000                                  1 0000000000000001 000000001000110 0000000000000000 0000000000000000 0000000000000001            1            0 0000000000000000       0 0000000001000010 
    7501000                                  1 0000000000000001 000000001000111 0000000000000000 0000000000000000 0000000000000001            1            0 0000000000000000       0 0000000001000010 
    7601000                                  1 0000000000000001 000000001001000 0000000000000000 0000000000000000 0000000000000001            1            0 0000000000000000       0 0000000001000010 
    7701000                                  1 0000000000000001 000000001001001 0000000000000000 0000000000000000 0000000000000001            1            0 0000000000000000       0 0000000001000010 
    7801000                                  1 0000000000000001 000000001001010 0000000000000000 0000000000000000 0000000000000001            1            0 0000000000000000       0 0000000001000010 
    7901000                                  1 0000000000000001 000000001001011 0000000000000000 0000000000000000 0000000000000001            1            0 0000000000000000       0 0000000001000010 
    8001000                                  1 0000000000000001 000000001001100 0000000000000000 0000000000000000 0000000000000001            1            0 0000000000000000       0 0000000001000010 
    8101000                                  1 0000000000000001 000000001001101 0000000000000000 0000000000000000 0000000000000001            1            0 0000000000000000       0 0000000001000010 
    8201000                                  1 0000000000000001 000000001001110 0000000000000000 0000000000000000 0000000000000001            1            0 0000000000000000       0 0000000001000010 
    8301000                                  1 0000000000000001 000000001001111 0000000000000000 0000000000000000 0000000000000001            1            0 0000000000000000       0 0000000001000010 
    8401000                                  1 0000000000000001 000000001010000 0000000000000000 0000000000000000 0000000000000001            1            0 0000000000000000       0 0000000001000010 
    8501000                                  1 0000000000000001 000000001010001 0000000000000000 0000000000000000 0000000000000001            1            0 0000000000000000       0 0000000001000010 
    8601000                                  1 0000000000000001 000000001010010 0000000000000000 0000000000000000 0000000000000001            1            0 0000000000000000       0 0000000001000010 
    8701000                                  1 0000000000000001 000000001010011 0000000000000000 0000000000000000 0000000000000001            1            0 0000000000000000       0 0000000001000010 
    8801000                                  1 0000000000000001 000000001010100 0000000000000000 0000000000000000 0000000000000001            1            0 0000000000000000       0 0000000001000010 
    8901000                                  1 0000000000000001 000000001010101 0000000000000000 0000000000000000 0000000000000001            1            0 0000000000000000       0 0000000001000010 
    9001000                                  1 0000000000000001 000000001010110 0000000000000000 0000000000000000 0000000000000001            1            0 0000000000000000       0 0000000001000010 
    9101000                                  1 0000000000000001 000000001010111 0000000000000000 0000000000000000 0000000000000001            1            0 0000000000000000       0 0000000001000010 
    9201000                                  1 0000000000000001 000000001011000 0000000000000000 0000000000000000 0000000000000001            1            0 0000000000000000       0 0000000001000010 
    9301000                                  1 0000000000000001 000000001011001 0000000000000000 0000000000000000 0000000000000001            1            0 0000000000000000       0 0000000001000010 
    9401000                                  1 0000000000000001 000000001011010 0000000000000000 0000000000000000 0000000000000001            1            0 0000000000000000       0 0000000001000010 
    9501000                                  1 0000000000000001 000000001011011 0000000000000000 0000000000000000 0000000000000001            1            0 0000000000000000       0 0000000001000010 
    9601000                                  1 0000000000000001 000000001011100 0000000000000000 0000000000000000 0000000000000001            1            0 0000000000000000       0 0000000001000010 
    9701000                                  1 0000000000000001 000000001011101 0000000000000000 0000000000000000 0000000000000001            1            0 0000000000000000       0 0000000001000010 
    9801000                                  1 0000000000000001 000000001011110 0000000000000000 0000000000000000 0000000000000001            1            0 0000000000000000       0 0000000001000010 
    9901000                                  1 0000000000000001 000000001011111 0000000000000000 0000000000000000 0000000000000001            1            0 0000000000000000       0 0000000001000010 
